2019-04-26 21:53:24,588 INFO 12066 [egg:logger] init all loggers with options: {"dir":"/Users/lp1/Downloads/Vue-shopping-master/egg/logs/server","encoding":"utf8","env":"local","level":"INFO","consoleLevel":"INFO","disableConsoleAfterReady":false,"outputJSON":false,"buffer":true,"appLogName":"server-web.log","coreLogName":"egg-web.log","agentLogName":"egg-agent.log","errorLogName":"common-error.log","coreLogger":{"consoleLevel":"WARN"},"allowDebugAtProd":false,"type":"application"}
2019-04-26 21:53:24,620 INFO 12066 [egg-multipart] stream mode enable
2019-04-26 21:53:24,844 INFO 12066 [egg-mongoose] connecting mongodb://127.0.0.1/shoppingMall
2019-04-26 21:53:25,038 INFO 12066 [egg-static] starting static serve /public/ -> /Users/lp1/Downloads/Vue-shopping-master/egg/app/public
2019-04-26 21:53:25,040 INFO 12066 [egg-security] use methodnoallow middleware
2019-04-26 21:53:25,040 INFO 12066 [egg-security] use noopen middleware
2019-04-26 21:53:25,041 INFO 12066 [egg-security] use nosniff middleware
2019-04-26 21:53:25,041 INFO 12066 [egg-security] use xssProtection middleware
2019-04-26 21:53:25,041 INFO 12066 [egg-security] use xframe middleware
2019-04-26 21:53:25,042 INFO 12066 [egg-security] use dta middleware
2019-04-26 21:53:25,042 INFO 12066 [egg-security] compose 6 middlewares into one security middleware
2019-04-26 21:53:25,054 INFO 12066 [egg:core] dump config after load, 4ms
2019-04-26 21:53:25,056 INFO 12066 [egg-mongoose] starting...
2019-04-26 21:53:25,103 INFO 12066 [egg-watcher:application] watcher start success
2019-04-26 21:53:25,106 INFO 12066 [egg-mongoose] mongodb://127.0.0.1/shoppingMall connected successfully
2019-04-26 21:53:25,113 INFO 12066 [egg-mongoose] instance[0] start successfully
2019-04-26 21:53:25,122 INFO 12066 [egg:core] dump config after ready, 7ms
2019-04-27 08:36:27,825 INFO 6732 [egg:logger] init all loggers with options: {"dir":"C:\\Users\\Administrator\\Desktop\\shop\\server\\logs\\server","encoding":"utf8","env":"local","level":"INFO","consoleLevel":"INFO","disableConsoleAfterReady":false,"outputJSON":false,"buffer":true,"appLogName":"server-web.log","coreLogName":"egg-web.log","agentLogName":"egg-agent.log","errorLogName":"common-error.log","coreLogger":{"consoleLevel":"WARN"},"allowDebugAtProd":false,"type":"application"}
2019-04-27 08:36:27,870 INFO 6732 [egg-multipart] stream mode enable
2019-04-27 08:36:28,159 INFO 6732 [egg-mongoose] connecting mongodb://127.0.0.1/shoppingMall
2019-04-27 08:36:28,444 INFO 6732 [egg-static] starting static serve /public/ -> C:\Users\Administrator\Desktop\shop\server\app\public
2019-04-27 08:36:28,447 INFO 6732 [egg-security] use methodnoallow middleware
2019-04-27 08:36:28,448 INFO 6732 [egg-security] use noopen middleware
2019-04-27 08:36:28,449 INFO 6732 [egg-security] use nosniff middleware
2019-04-27 08:36:28,449 INFO 6732 [egg-security] use xssProtection middleware
2019-04-27 08:36:28,451 INFO 6732 [egg-security] use xframe middleware
2019-04-27 08:36:28,452 INFO 6732 [egg-security] use dta middleware
2019-04-27 08:36:28,452 INFO 6732 [egg-security] compose 6 middlewares into one security middleware
2019-04-27 08:36:28,472 INFO 6732 [egg:core] dump config after load, 5ms
2019-04-27 08:36:28,475 INFO 6732 [egg-mongoose] starting...
2019-04-27 08:36:28,514 INFO 6732 [egg-mongoose] mongodb://127.0.0.1/shoppingMall connected successfully
2019-04-27 08:36:28,522 INFO 6732 [egg-mongoose] instance[0] start successfully
2019-04-27 08:36:28,524 INFO 6732 [egg-watcher:application] watcher start success
2019-04-27 08:36:28,531 INFO 6732 [egg:core] dump config after ready, 6ms
2019-04-27 10:25:49,253 INFO 3124 [egg:logger] init all loggers with options: {"dir":"C:\\Users\\Administrator\\Desktop\\shop\\server\\logs\\server","encoding":"utf8","env":"local","level":"INFO","consoleLevel":"INFO","disableConsoleAfterReady":false,"outputJSON":false,"buffer":true,"appLogName":"server-web.log","coreLogName":"egg-web.log","agentLogName":"egg-agent.log","errorLogName":"common-error.log","coreLogger":{"consoleLevel":"WARN"},"allowDebugAtProd":false,"type":"application"}
2019-04-27 10:25:49,290 INFO 3124 [egg-multipart] stream mode enable
2019-04-27 10:25:49,771 INFO 3124 [egg-mongoose] connecting mongodb://127.0.0.1/shoppingMall
2019-04-27 10:25:50,103 INFO 3124 [egg-static] starting static serve /public/ -> C:\Users\Administrator\Desktop\shop\server\app\public
2019-04-27 10:25:50,106 INFO 3124 [egg-security] use methodnoallow middleware
2019-04-27 10:25:50,106 INFO 3124 [egg-security] use noopen middleware
2019-04-27 10:25:50,107 INFO 3124 [egg-security] use nosniff middleware
2019-04-27 10:25:50,108 INFO 3124 [egg-security] use xssProtection middleware
2019-04-27 10:25:50,109 INFO 3124 [egg-security] use xframe middleware
2019-04-27 10:25:50,110 INFO 3124 [egg-security] use dta middleware
2019-04-27 10:25:50,110 INFO 3124 [egg-security] compose 6 middlewares into one security middleware
2019-04-27 10:25:50,132 INFO 3124 [egg:core] dump config after load, 8ms
2019-04-27 10:25:50,136 INFO 3124 [egg-mongoose] starting...
2019-04-27 10:25:50,176 INFO 3124 [egg-mongoose] mongodb://127.0.0.1/shoppingMall connected successfully
2019-04-27 10:25:50,183 INFO 3124 [egg-mongoose] instance[0] start successfully
2019-04-27 10:25:50,188 INFO 3124 [egg-watcher:application] watcher start success
2019-04-27 10:25:50,198 INFO 3124 [egg:core] dump config after ready, 8ms
2019-04-30 13:56:42,538 INFO 7004 [egg:logger] init all loggers with options: {"dir":"C:\\Users\\Administrator\\Desktop\\shop\\server\\logs\\server","encoding":"utf8","env":"local","level":"INFO","consoleLevel":"INFO","disableConsoleAfterReady":false,"outputJSON":false,"buffer":true,"appLogName":"server-web.log","coreLogName":"egg-web.log","agentLogName":"egg-agent.log","errorLogName":"common-error.log","coreLogger":{"consoleLevel":"WARN"},"allowDebugAtProd":false,"type":"application"}
2019-04-30 13:56:42,574 INFO 7004 [egg-multipart] stream mode enable
2019-04-30 13:56:42,879 INFO 7004 [egg-mongoose] connecting mongodb://127.0.0.1/shoppingMall
2019-04-30 13:56:43,116 INFO 7004 [egg-static] starting static serve /public/ -> C:\Users\Administrator\Desktop\shop\server\app\public
2019-04-30 13:56:43,119 INFO 7004 [egg-security] use methodnoallow middleware
2019-04-30 13:56:43,119 INFO 7004 [egg-security] use noopen middleware
2019-04-30 13:56:43,120 INFO 7004 [egg-security] use nosniff middleware
2019-04-30 13:56:43,121 INFO 7004 [egg-security] use xssProtection middleware
2019-04-30 13:56:43,121 INFO 7004 [egg-security] use xframe middleware
2019-04-30 13:56:43,121 INFO 7004 [egg-security] use dta middleware
2019-04-30 13:56:43,121 INFO 7004 [egg-security] compose 6 middlewares into one security middleware
2019-04-30 13:56:43,339 INFO 7004 [egg:core] dump config after load, 25ms
2019-04-30 13:56:43,347 INFO 7004 [egg-mongoose] starting...
2019-04-30 13:56:43,402 INFO 7004 [egg-watcher:application] watcher start success
2019-04-30 13:56:43,517 INFO 7004 [egg-mongoose] mongodb://127.0.0.1/shoppingMall connected successfully
2019-04-30 13:56:43,538 INFO 7004 [egg-mongoose] instance[0] start successfully
2019-04-30 13:56:43,555 INFO 7004 [egg:core] dump config after ready, 12ms
2019-04-30 14:03:27,941 INFO 1108 [egg:logger] init all loggers with options: {"dir":"C:\\Users\\Administrator\\Desktop\\shop\\server\\logs\\server","encoding":"utf8","env":"local","level":"INFO","consoleLevel":"INFO","disableConsoleAfterReady":false,"outputJSON":false,"buffer":true,"appLogName":"server-web.log","coreLogName":"egg-web.log","agentLogName":"egg-agent.log","errorLogName":"common-error.log","coreLogger":{"consoleLevel":"WARN"},"allowDebugAtProd":false,"type":"application"}
2019-04-30 14:03:27,982 INFO 1108 [egg-multipart] stream mode enable
2019-04-30 14:03:28,494 INFO 1108 [egg-mongoose] connecting mongodb://127.0.0.1/shoppingMall
2019-04-30 14:03:28,868 INFO 1108 [egg-static] starting static serve /public/ -> C:\Users\Administrator\Desktop\shop\server\app\public
2019-04-30 14:03:28,871 INFO 1108 [egg-security] use methodnoallow middleware
2019-04-30 14:03:28,872 INFO 1108 [egg-security] use noopen middleware
2019-04-30 14:03:28,873 INFO 1108 [egg-security] use nosniff middleware
2019-04-30 14:03:28,874 INFO 1108 [egg-security] use xssProtection middleware
2019-04-30 14:03:28,875 INFO 1108 [egg-security] use xframe middleware
2019-04-30 14:03:28,875 INFO 1108 [egg-security] use dta middleware
2019-04-30 14:03:28,875 INFO 1108 [egg-security] compose 6 middlewares into one security middleware
2019-04-30 14:03:28,898 INFO 1108 [egg:core] dump config after load, 5ms
2019-04-30 14:03:28,901 INFO 1108 [egg-mongoose] starting...
2019-04-30 14:03:28,938 INFO 1108 [egg-mongoose] mongodb://127.0.0.1/shoppingMall connected successfully
2019-04-30 14:03:28,945 INFO 1108 [egg-mongoose] instance[0] start successfully
2019-04-30 14:03:28,948 INFO 1108 [egg-watcher:application] watcher start success
2019-04-30 14:03:28,958 INFO 1108 [egg:core] dump config after ready, 7ms
2019-04-30 15:00:05,761 INFO 6380 [egg:logger] init all loggers with options: {"dir":"C:\\Users\\Administrator\\Desktop\\shop\\server\\logs\\server","encoding":"utf8","env":"local","level":"INFO","consoleLevel":"INFO","disableConsoleAfterReady":false,"outputJSON":false,"buffer":true,"appLogName":"server-web.log","coreLogName":"egg-web.log","agentLogName":"egg-agent.log","errorLogName":"common-error.log","coreLogger":{"consoleLevel":"WARN"},"allowDebugAtProd":false,"type":"application"}
2019-04-30 15:00:05,801 INFO 6380 [egg-multipart] stream mode enable
2019-04-30 15:00:06,250 INFO 6380 [egg-mongoose] connecting mongodb://127.0.0.1/shoppingMall
2019-04-30 15:00:06,600 INFO 6380 [egg-static] starting static serve /public/ -> C:\Users\Administrator\Desktop\shop\server\app\public
2019-04-30 15:00:06,603 INFO 6380 [egg-security] use methodnoallow middleware
2019-04-30 15:00:06,603 INFO 6380 [egg-security] use noopen middleware
2019-04-30 15:00:06,604 INFO 6380 [egg-security] use nosniff middleware
2019-04-30 15:00:06,605 INFO 6380 [egg-security] use xssProtection middleware
2019-04-30 15:00:06,605 INFO 6380 [egg-security] use xframe middleware
2019-04-30 15:00:06,606 INFO 6380 [egg-security] use dta middleware
2019-04-30 15:00:06,606 INFO 6380 [egg-security] compose 6 middlewares into one security middleware
2019-04-30 15:00:06,632 INFO 6380 [egg:core] dump config after load, 6ms
2019-04-30 15:00:06,635 INFO 6380 [egg-mongoose] starting...
2019-04-30 15:00:06,674 INFO 6380 [egg-mongoose] mongodb://127.0.0.1/shoppingMall connected successfully
2019-04-30 15:00:06,681 INFO 6380 [egg-mongoose] instance[0] start successfully
2019-04-30 15:00:06,686 INFO 6380 [egg-watcher:application] watcher start success
2019-04-30 15:00:06,693 INFO 6380 [egg:core] dump config after ready, 5ms
2019-04-30 15:01:10,396 INFO 6940 [egg:logger] init all loggers with options: {"dir":"C:\\Users\\Administrator\\Desktop\\shop\\server\\logs\\server","encoding":"utf8","env":"local","level":"INFO","consoleLevel":"INFO","disableConsoleAfterReady":false,"outputJSON":false,"buffer":true,"appLogName":"server-web.log","coreLogName":"egg-web.log","agentLogName":"egg-agent.log","errorLogName":"common-error.log","coreLogger":{"consoleLevel":"WARN"},"allowDebugAtProd":false,"type":"application"}
2019-04-30 15:01:10,434 INFO 6940 [egg-multipart] stream mode enable
2019-04-30 15:01:10,738 INFO 6940 [egg-mongoose] connecting mongodb://127.0.0.1/shoppingMall
2019-04-30 15:01:11,030 INFO 6940 [egg-static] starting static serve /public/ -> C:\Users\Administrator\Desktop\shop\server\app\public
2019-04-30 15:01:11,033 INFO 6940 [egg-security] use methodnoallow middleware
2019-04-30 15:01:11,034 INFO 6940 [egg-security] use noopen middleware
2019-04-30 15:01:11,035 INFO 6940 [egg-security] use nosniff middleware
2019-04-30 15:01:11,036 INFO 6940 [egg-security] use xssProtection middleware
2019-04-30 15:01:11,036 INFO 6940 [egg-security] use xframe middleware
2019-04-30 15:01:11,037 INFO 6940 [egg-security] use dta middleware
2019-04-30 15:01:11,037 INFO 6940 [egg-security] compose 6 middlewares into one security middleware
2019-04-30 15:01:11,070 INFO 6940 [egg:core] dump config after load, 8ms
2019-04-30 15:01:11,073 INFO 6940 [egg-mongoose] starting...
2019-04-30 15:01:11,119 INFO 6940 [egg-mongoose] mongodb://127.0.0.1/shoppingMall connected successfully
2019-04-30 15:01:11,127 INFO 6940 [egg-mongoose] instance[0] start successfully
2019-04-30 15:01:11,132 INFO 6940 [egg-watcher:application] watcher start success
2019-04-30 15:01:11,141 INFO 6940 [egg:core] dump config after ready, 7ms
2019-04-30 15:10:23,263 INFO 1588 [egg:logger] init all loggers with options: {"dir":"C:\\Users\\Administrator\\Desktop\\shop\\server\\logs\\server","encoding":"utf8","env":"local","level":"INFO","consoleLevel":"INFO","disableConsoleAfterReady":false,"outputJSON":false,"buffer":true,"appLogName":"server-web.log","coreLogName":"egg-web.log","agentLogName":"egg-agent.log","errorLogName":"common-error.log","coreLogger":{"consoleLevel":"WARN"},"allowDebugAtProd":false,"type":"application"}
2019-04-30 15:10:23,301 INFO 1588 [egg-multipart] stream mode enable
2019-04-30 15:10:23,661 INFO 1588 [egg-mongoose] connecting mongodb://127.0.0.1/shoppingMall
2019-04-30 15:10:23,886 INFO 1588 [egg-static] starting static serve /public/ -> C:\Users\Administrator\Desktop\shop\server\app\public
2019-04-30 15:10:23,888 INFO 1588 [egg-security] use methodnoallow middleware
2019-04-30 15:10:23,889 INFO 1588 [egg-security] use noopen middleware
2019-04-30 15:10:23,890 INFO 1588 [egg-security] use nosniff middleware
2019-04-30 15:10:23,890 INFO 1588 [egg-security] use xssProtection middleware
2019-04-30 15:10:23,891 INFO 1588 [egg-security] use xframe middleware
2019-04-30 15:10:23,891 INFO 1588 [egg-security] use dta middleware
2019-04-30 15:10:23,891 INFO 1588 [egg-security] compose 6 middlewares into one security middleware
2019-04-30 15:10:23,915 INFO 1588 [egg:core] dump config after load, 6ms
2019-04-30 15:10:23,918 INFO 1588 [egg-mongoose] starting...
2019-04-30 15:10:23,966 INFO 1588 [egg-mongoose] mongodb://127.0.0.1/shoppingMall connected successfully
2019-04-30 15:10:23,973 INFO 1588 [egg-mongoose] instance[0] start successfully
2019-04-30 15:10:23,975 INFO 1588 [egg-watcher:application] watcher start success
2019-04-30 15:10:23,985 INFO 1588 [egg:core] dump config after ready, 6ms
2019-04-30 16:00:34,873 INFO 2516 [egg:logger] init all loggers with options: {"dir":"C:\\Users\\Administrator\\Desktop\\shop\\server\\logs\\server","encoding":"utf8","env":"local","level":"INFO","consoleLevel":"INFO","disableConsoleAfterReady":false,"outputJSON":false,"buffer":true,"appLogName":"server-web.log","coreLogName":"egg-web.log","agentLogName":"egg-agent.log","errorLogName":"common-error.log","coreLogger":{"consoleLevel":"WARN"},"allowDebugAtProd":false,"type":"application"}
2019-04-30 16:00:34,907 INFO 2516 [egg-multipart] stream mode enable
2019-04-30 16:00:35,337 INFO 2516 [egg-mongoose] connecting mongodb://127.0.0.1/shoppingMall
2019-04-30 16:00:35,694 INFO 2516 [egg-static] starting static serve /public/ -> C:\Users\Administrator\Desktop\shop\server\app\public
2019-04-30 16:00:35,696 INFO 2516 [egg-security] use methodnoallow middleware
2019-04-30 16:00:35,697 INFO 2516 [egg-security] use noopen middleware
2019-04-30 16:00:35,698 INFO 2516 [egg-security] use nosniff middleware
2019-04-30 16:00:35,699 INFO 2516 [egg-security] use xssProtection middleware
2019-04-30 16:00:35,699 INFO 2516 [egg-security] use xframe middleware
2019-04-30 16:00:35,700 INFO 2516 [egg-security] use dta middleware
2019-04-30 16:00:35,700 INFO 2516 [egg-security] compose 6 middlewares into one security middleware
2019-04-30 16:00:35,724 INFO 2516 [egg:core] dump config after load, 6ms
2019-04-30 16:00:35,728 INFO 2516 [egg-mongoose] starting...
2019-04-30 16:00:35,778 INFO 2516 [egg-mongoose] mongodb://127.0.0.1/shoppingMall connected successfully
2019-04-30 16:00:35,785 INFO 2516 [egg-mongoose] instance[0] start successfully
2019-04-30 16:00:35,787 INFO 2516 [egg-watcher:application] watcher start success
2019-04-30 16:00:35,797 INFO 2516 [egg:core] dump config after ready, 7ms
2019-04-30 16:27:58,964 INFO 1652 [egg:logger] init all loggers with options: {"dir":"C:\\Users\\Administrator\\Desktop\\shop\\server\\logs\\server","encoding":"utf8","env":"local","level":"INFO","consoleLevel":"INFO","disableConsoleAfterReady":false,"outputJSON":false,"buffer":true,"appLogName":"server-web.log","coreLogName":"egg-web.log","agentLogName":"egg-agent.log","errorLogName":"common-error.log","coreLogger":{"consoleLevel":"WARN"},"allowDebugAtProd":false,"type":"application"}
2019-04-30 16:27:59,004 INFO 1652 [egg-multipart] stream mode enable
2019-04-30 16:27:59,447 INFO 1652 [egg-mongoose] connecting mongodb://127.0.0.1/shoppingMall
2019-04-30 16:27:59,766 INFO 1652 [egg-static] starting static serve /public/ -> C:\Users\Administrator\Desktop\shop\server\app\public
2019-04-30 16:27:59,768 INFO 1652 [egg-security] use methodnoallow middleware
2019-04-30 16:27:59,769 INFO 1652 [egg-security] use noopen middleware
2019-04-30 16:27:59,770 INFO 1652 [egg-security] use nosniff middleware
2019-04-30 16:27:59,770 INFO 1652 [egg-security] use xssProtection middleware
2019-04-30 16:27:59,771 INFO 1652 [egg-security] use xframe middleware
2019-04-30 16:27:59,771 INFO 1652 [egg-security] use dta middleware
2019-04-30 16:27:59,771 INFO 1652 [egg-security] compose 6 middlewares into one security middleware
2019-04-30 16:27:59,791 INFO 1652 [egg:core] dump config after load, 7ms
2019-04-30 16:27:59,795 INFO 1652 [egg-mongoose] starting...
2019-04-30 16:27:59,855 INFO 1652 [egg-mongoose] mongodb://127.0.0.1/shoppingMall connected successfully
2019-04-30 16:27:59,867 INFO 1652 [egg-mongoose] instance[0] start successfully
2019-04-30 16:27:59,872 INFO 1652 [egg-watcher:application] watcher start success
2019-04-30 16:27:59,891 INFO 1652 [egg:core] dump config after ready, 17ms
2019-05-08 11:13:01,282 INFO 7920 [egg:logger] init all loggers with options: {"dir":"C:\\Users\\Administrator\\Desktop\\shop\\server\\logs\\server","encoding":"utf8","env":"local","level":"INFO","consoleLevel":"INFO","disableConsoleAfterReady":false,"outputJSON":false,"buffer":true,"appLogName":"server-web.log","coreLogName":"egg-web.log","agentLogName":"egg-agent.log","errorLogName":"common-error.log","coreLogger":{"consoleLevel":"WARN"},"allowDebugAtProd":false,"type":"application"}
2019-05-08 11:13:01,317 INFO 7920 [egg-multipart] stream mode enable
2019-05-08 11:13:01,786 INFO 7920 [egg-mongoose] connecting mongodb://127.0.0.1/shoppingMall
2019-05-08 11:13:02,170 INFO 7920 [egg-static] starting static serve /public/ -> C:\Users\Administrator\Desktop\shop\server\app\public
2019-05-08 11:13:02,173 INFO 7920 [egg-security] use methodnoallow middleware
2019-05-08 11:13:02,174 INFO 7920 [egg-security] use noopen middleware
2019-05-08 11:13:02,175 INFO 7920 [egg-security] use nosniff middleware
2019-05-08 11:13:02,176 INFO 7920 [egg-security] use xssProtection middleware
2019-05-08 11:13:02,176 INFO 7920 [egg-security] use xframe middleware
2019-05-08 11:13:02,177 INFO 7920 [egg-security] use dta middleware
2019-05-08 11:13:02,177 INFO 7920 [egg-security] compose 6 middlewares into one security middleware
2019-05-08 11:13:02,203 INFO 7920 [egg:core] dump config after load, 7ms
2019-05-08 11:13:02,205 INFO 7920 [egg-mongoose] starting...
2019-05-08 11:13:02,244 INFO 7920 [egg-mongoose] mongodb://127.0.0.1/shoppingMall connected successfully
2019-05-08 11:13:02,251 INFO 7920 [egg-mongoose] instance[0] start successfully
2019-05-08 11:13:02,253 INFO 7920 [egg-watcher:application] watcher start success
2019-05-08 11:13:02,265 INFO 7920 [egg:core] dump config after ready, 9ms
2019-05-08 16:19:35,343 INFO 6608 [egg:logger] init all loggers with options: {"dir":"C:\\Users\\Administrator\\Desktop\\shop\\server\\logs\\server","encoding":"utf8","env":"local","level":"INFO","consoleLevel":"INFO","disableConsoleAfterReady":false,"outputJSON":false,"buffer":true,"appLogName":"server-web.log","coreLogName":"egg-web.log","agentLogName":"egg-agent.log","errorLogName":"common-error.log","coreLogger":{"consoleLevel":"WARN"},"allowDebugAtProd":false,"type":"application"}
2019-05-08 16:19:35,395 INFO 6608 [egg-multipart] stream mode enable
2019-05-08 16:19:36,206 INFO 6608 [egg-mongoose] connecting mongodb://127.0.0.1/shoppingMall
2019-05-08 16:19:36,761 INFO 6608 [egg-static] starting static serve /public/ -> C:\Users\Administrator\Desktop\shop\server\app\public
2019-05-08 16:19:36,765 INFO 6608 [egg-security] use methodnoallow middleware
2019-05-08 16:19:36,765 INFO 6608 [egg-security] use noopen middleware
2019-05-08 16:19:36,767 INFO 6608 [egg-security] use nosniff middleware
2019-05-08 16:19:36,767 INFO 6608 [egg-security] use xssProtection middleware
2019-05-08 16:19:36,768 INFO 6608 [egg-security] use xframe middleware
2019-05-08 16:19:36,769 INFO 6608 [egg-security] use dta middleware
2019-05-08 16:19:36,769 INFO 6608 [egg-security] compose 6 middlewares into one security middleware
2019-05-08 16:19:36,812 INFO 6608 [egg:core] dump config after load, 17ms
2019-05-08 16:19:36,816 INFO 6608 [egg-mongoose] starting...
2019-05-08 16:19:36,882 INFO 6608 [egg-mongoose] mongodb://127.0.0.1/shoppingMall connected successfully
2019-05-08 16:19:36,894 INFO 6608 [egg-mongoose] instance[0] start successfully
2019-05-08 16:19:36,897 INFO 6608 [egg-watcher:application] watcher start success
2019-05-08 16:19:36,916 INFO 6608 [egg:core] dump config after ready, 14ms
2019-05-10 08:53:01,754 INFO 3636 [egg:logger] init all loggers with options: {"dir":"C:\\Users\\Administrator\\Desktop\\shop\\server\\logs\\server","encoding":"utf8","env":"local","level":"INFO","consoleLevel":"INFO","disableConsoleAfterReady":false,"outputJSON":false,"buffer":true,"appLogName":"server-web.log","coreLogName":"egg-web.log","agentLogName":"egg-agent.log","errorLogName":"common-error.log","coreLogger":{"consoleLevel":"WARN"},"allowDebugAtProd":false,"type":"application"}
2019-05-10 08:53:01,791 INFO 3636 [egg-multipart] stream mode enable
2019-05-10 08:53:02,221 INFO 3636 [egg-mongoose] connecting mongodb://127.0.0.1/shoppingMall
2019-05-10 08:53:02,558 INFO 3636 [egg-static] starting static serve /public/ -> C:\Users\Administrator\Desktop\shop\server\app\public
2019-05-10 08:53:02,566 INFO 3636 [egg-security] use methodnoallow middleware
2019-05-10 08:53:02,567 INFO 3636 [egg-security] use noopen middleware
2019-05-10 08:53:02,568 INFO 3636 [egg-security] use nosniff middleware
2019-05-10 08:53:02,569 INFO 3636 [egg-security] use xssProtection middleware
2019-05-10 08:53:02,569 INFO 3636 [egg-security] use xframe middleware
2019-05-10 08:53:02,570 INFO 3636 [egg-security] use dta middleware
2019-05-10 08:53:02,570 INFO 3636 [egg-security] compose 6 middlewares into one security middleware
2019-05-10 08:53:02,592 INFO 3636 [egg:core] dump config after load, 5ms
2019-05-10 08:53:02,596 INFO 3636 [egg-mongoose] starting...
2019-05-10 08:53:02,634 INFO 3636 [egg-watcher:application] watcher start success
2019-05-10 08:53:02,638 INFO 3636 [egg-mongoose] mongodb://127.0.0.1/shoppingMall connected successfully
2019-05-10 08:53:02,645 INFO 3636 [egg-mongoose] instance[0] start successfully
2019-05-10 08:53:02,651 INFO 3636 [egg:core] dump config after ready, 5ms
2019-05-10 08:53:17,447 INFO 7048 [egg:logger] init all loggers with options: {"dir":"C:\\Users\\Administrator\\Desktop\\shop\\server\\logs\\server","encoding":"utf8","env":"local","level":"INFO","consoleLevel":"INFO","disableConsoleAfterReady":false,"outputJSON":false,"buffer":true,"appLogName":"server-web.log","coreLogName":"egg-web.log","agentLogName":"egg-agent.log","errorLogName":"common-error.log","coreLogger":{"consoleLevel":"WARN"},"allowDebugAtProd":false,"type":"application"}
2019-05-10 08:53:17,484 INFO 7048 [egg-multipart] stream mode enable
2019-05-10 08:53:17,774 INFO 7048 [egg-mongoose] connecting mongodb://127.0.0.1/shoppingMall
2019-05-10 08:53:18,005 INFO 7048 [egg-static] starting static serve /public/ -> C:\Users\Administrator\Desktop\shop\server\app\public
2019-05-10 08:53:18,008 INFO 7048 [egg-security] use methodnoallow middleware
2019-05-10 08:53:18,008 INFO 7048 [egg-security] use noopen middleware
2019-05-10 08:53:18,009 INFO 7048 [egg-security] use nosniff middleware
2019-05-10 08:53:18,009 INFO 7048 [egg-security] use xssProtection middleware
2019-05-10 08:53:18,010 INFO 7048 [egg-security] use xframe middleware
2019-05-10 08:53:18,010 INFO 7048 [egg-security] use dta middleware
2019-05-10 08:53:18,010 INFO 7048 [egg-security] compose 6 middlewares into one security middleware
2019-05-10 08:53:18,028 INFO 7048 [egg:core] dump config after load, 6ms
2019-05-10 08:53:18,030 INFO 7048 [egg-mongoose] starting...
2019-05-10 08:53:18,066 INFO 7048 [egg-mongoose] mongodb://127.0.0.1/shoppingMall connected successfully
2019-05-10 08:53:18,073 INFO 7048 [egg-mongoose] instance[0] start successfully
2019-05-10 08:53:18,075 INFO 7048 [egg-watcher:application] watcher start success
2019-05-10 08:53:18,087 INFO 7048 [egg:core] dump config after ready, 6ms
2019-07-01 09:48:43,781 INFO 404 [egg:logger] init all loggers with options: {"dir":"C:\\Users\\Administrator\\Desktop\\vue商城项目\\server\\logs\\server","encoding":"utf8","env":"local","level":"INFO","consoleLevel":"INFO","disableConsoleAfterReady":false,"outputJSON":false,"buffer":true,"appLogName":"server-web.log","coreLogName":"egg-web.log","agentLogName":"egg-agent.log","errorLogName":"common-error.log","coreLogger":{"consoleLevel":"WARN"},"allowDebugAtProd":false,"type":"application"}
2019-07-01 09:48:43,808 INFO 404 [egg-multipart] stream mode enable
2019-07-01 09:48:44,102 INFO 404 [egg-mongoose] connecting mongodb://127.0.0.1/shoppingMall
2019-07-01 09:48:44,329 INFO 404 [egg-static] starting static serve /public/ -> C:\Users\Administrator\Desktop\vue商城项目\server\app\public
2019-07-01 09:48:44,332 INFO 404 [egg-security] use methodnoallow middleware
2019-07-01 09:48:44,333 INFO 404 [egg-security] use noopen middleware
2019-07-01 09:48:44,333 INFO 404 [egg-security] use nosniff middleware
2019-07-01 09:48:44,334 INFO 404 [egg-security] use xssProtection middleware
2019-07-01 09:48:44,335 INFO 404 [egg-security] use xframe middleware
2019-07-01 09:48:44,335 INFO 404 [egg-security] use dta middleware
2019-07-01 09:48:44,335 INFO 404 [egg-security] compose 6 middlewares into one security middleware
2019-07-01 09:48:44,360 INFO 404 [egg:core] dump config after load, 9ms
2019-07-01 09:48:44,363 INFO 404 [egg-mongoose] starting...
2019-07-01 09:48:44,412 INFO 404 [egg-mongoose] mongodb://127.0.0.1/shoppingMall connected successfully
2019-07-01 09:48:44,420 INFO 404 [egg-mongoose] instance[0] start successfully
2019-07-01 09:48:44,423 INFO 404 [egg-watcher:application] watcher start success
2019-07-01 09:48:44,436 INFO 404 [egg:core] dump config after ready, 11ms
2019-07-03 14:42:37,659 INFO 9404 [egg:logger] init all loggers with options: {"dir":"C:\\Users\\Administrator\\Desktop\\vue商城项目\\server\\logs\\server","encoding":"utf8","env":"local","level":"INFO","consoleLevel":"INFO","disableConsoleAfterReady":false,"outputJSON":false,"buffer":true,"appLogName":"server-web.log","coreLogName":"egg-web.log","agentLogName":"egg-agent.log","errorLogName":"common-error.log","coreLogger":{"consoleLevel":"WARN"},"allowDebugAtProd":false,"type":"application"}
2019-07-03 14:42:37,688 INFO 9404 [egg-multipart] stream mode enable
2019-07-03 14:42:38,256 INFO 9404 [egg-mongoose] connecting mongodb://127.0.0.1/shoppingMall
2019-07-03 14:42:38,818 INFO 9404 [egg-static] starting static serve /public/ -> C:\Users\Administrator\Desktop\vue商城项目\server\app\public
2019-07-03 14:42:38,824 INFO 9404 [egg-security] use methodnoallow middleware
2019-07-03 14:42:38,826 INFO 9404 [egg-security] use noopen middleware
2019-07-03 14:42:38,827 INFO 9404 [egg-security] use nosniff middleware
2019-07-03 14:42:38,829 INFO 9404 [egg-security] use xssProtection middleware
2019-07-03 14:42:38,829 INFO 9404 [egg-security] use xframe middleware
2019-07-03 14:42:38,831 INFO 9404 [egg-security] use dta middleware
2019-07-03 14:42:38,831 INFO 9404 [egg-security] compose 6 middlewares into one security middleware
2019-07-03 14:42:38,873 INFO 9404 [egg:core] dump config after load, 11ms
2019-07-03 14:42:38,882 INFO 9404 [egg-mongoose] starting...
2019-07-03 14:42:38,939 INFO 9404 [egg-mongoose] mongodb://127.0.0.1/shoppingMall connected successfully
2019-07-03 14:42:38,946 INFO 9404 [egg-mongoose] instance[0] start successfully
2019-07-03 14:42:38,949 INFO 9404 [egg-watcher:application] watcher start success
2019-07-03 14:42:38,962 INFO 9404 [egg:core] dump config after ready, 8ms
2019-07-03 15:24:23,550 INFO 10252 [egg:logger] init all loggers with options: {"dir":"C:\\Users\\Administrator\\Desktop\\vue商城项目\\server\\logs\\server","encoding":"utf8","env":"local","level":"INFO","consoleLevel":"INFO","disableConsoleAfterReady":false,"outputJSON":false,"buffer":true,"appLogName":"server-web.log","coreLogName":"egg-web.log","agentLogName":"egg-agent.log","errorLogName":"common-error.log","coreLogger":{"consoleLevel":"WARN"},"allowDebugAtProd":false,"type":"application"}
2019-07-03 15:24:23,579 INFO 10252 [egg-multipart] stream mode enable
2019-07-03 15:24:24,217 INFO 10252 [egg-mongoose] connecting mongodb://127.0.0.1/shoppingMall
2019-07-03 15:24:24,649 INFO 10252 [egg-static] starting static serve /public/ -> C:\Users\Administrator\Desktop\vue商城项目\server\app\public
2019-07-03 15:24:24,652 INFO 10252 [egg-security] use methodnoallow middleware
2019-07-03 15:24:24,653 INFO 10252 [egg-security] use noopen middleware
2019-07-03 15:24:24,654 INFO 10252 [egg-security] use nosniff middleware
2019-07-03 15:24:24,655 INFO 10252 [egg-security] use xssProtection middleware
2019-07-03 15:24:24,656 INFO 10252 [egg-security] use xframe middleware
2019-07-03 15:24:24,656 INFO 10252 [egg-security] use dta middleware
2019-07-03 15:24:24,656 INFO 10252 [egg-security] compose 6 middlewares into one security middleware
2019-07-03 15:24:24,684 INFO 10252 [egg:core] dump config after load, 7ms
2019-07-03 15:24:24,687 INFO 10252 [egg-mongoose] starting...
2019-07-03 15:24:24,727 INFO 10252 [egg-mongoose] mongodb://127.0.0.1/shoppingMall connected successfully
2019-07-03 15:24:24,735 INFO 10252 [egg-mongoose] instance[0] start successfully
2019-07-03 15:24:24,737 INFO 10252 [egg-watcher:application] watcher start success
2019-07-03 15:24:24,748 INFO 10252 [egg:core] dump config after ready, 7ms
2019-11-04 10:01:11,172 INFO 3296 [egg:logger] init all loggers with options: {"dir":"C:\\Users\\Administrator\\Desktop\\shoppingmall\\server\\logs\\server","encoding":"utf8","env":"local","level":"INFO","consoleLevel":"INFO","disableConsoleAfterReady":false,"outputJSON":false,"buffer":true,"appLogName":"server-web.log","coreLogName":"egg-web.log","agentLogName":"egg-agent.log","errorLogName":"common-error.log","coreLogger":{"consoleLevel":"WARN"},"allowDebugAtProd":false,"type":"application"}
2019-11-04 10:01:11,213 INFO 3296 [egg-multipart] stream mode enable
2019-11-04 10:01:11,953 INFO 3296 [egg-mongoose] connecting mongodb://127.0.0.1/shoppingMall
2019-11-04 10:01:12,456 INFO 3296 [egg-static] starting static serve /public/ -> C:\Users\Administrator\Desktop\shoppingmall\server\app\public
2019-11-04 10:01:12,461 INFO 3296 [egg-security] use methodnoallow middleware
2019-11-04 10:01:12,462 INFO 3296 [egg-security] use noopen middleware
2019-11-04 10:01:12,464 INFO 3296 [egg-security] use nosniff middleware
2019-11-04 10:01:12,465 INFO 3296 [egg-security] use xssProtection middleware
2019-11-04 10:01:12,466 INFO 3296 [egg-security] use xframe middleware
2019-11-04 10:01:12,467 INFO 3296 [egg-security] use dta middleware
2019-11-04 10:01:12,467 INFO 3296 [egg-security] compose 6 middlewares into one security middleware
2019-11-04 10:01:12,492 INFO 3296 [egg:core] dump config after load, 5ms
2019-11-04 10:01:12,498 INFO 3296 [egg-mongoose] starting...
2019-11-04 10:01:12,561 INFO 3296 [egg-mongoose] mongodb://127.0.0.1/shoppingMall connected successfully
2019-11-04 10:01:12,573 INFO 3296 [egg-mongoose] instance[0] start successfully
2019-11-04 10:01:12,574 INFO 3296 [egg-watcher:application] watcher start success
2019-11-04 10:01:12,582 INFO 3296 [egg:core] dump config after ready, 6ms
2019-11-04 11:19:17,751 INFO 6244 [egg:logger] init all loggers with options: {"dir":"C:\\Users\\Administrator\\Desktop\\shoppingmall\\server\\logs\\server","encoding":"utf8","env":"local","level":"INFO","consoleLevel":"INFO","disableConsoleAfterReady":false,"outputJSON":false,"buffer":true,"appLogName":"server-web.log","coreLogName":"egg-web.log","agentLogName":"egg-agent.log","errorLogName":"common-error.log","coreLogger":{"consoleLevel":"WARN"},"allowDebugAtProd":false,"type":"application"}
2019-11-04 11:19:17,790 INFO 6244 [egg-multipart] stream mode enable
2019-11-04 11:19:18,357 INFO 6244 [egg-mongoose] connecting mongodb://127.0.0.1/shoppingMall
2019-11-04 11:19:18,961 INFO 6244 [egg-static] starting static serve /public/ -> C:\Users\Administrator\Desktop\shoppingmall\server\app\public
2019-11-04 11:19:18,967 INFO 6244 [egg-security] use methodnoallow middleware
2019-11-04 11:19:18,968 INFO 6244 [egg-security] use noopen middleware
2019-11-04 11:19:18,971 INFO 6244 [egg-security] use nosniff middleware
2019-11-04 11:19:18,972 INFO 6244 [egg-security] use xssProtection middleware
2019-11-04 11:19:18,973 INFO 6244 [egg-security] use xframe middleware
2019-11-04 11:19:18,974 INFO 6244 [egg-security] use dta middleware
2019-11-04 11:19:18,974 INFO 6244 [egg-security] compose 6 middlewares into one security middleware
2019-11-04 11:19:19,003 INFO 6244 [egg:core] dump config after load, 5ms
2019-11-04 11:19:19,009 INFO 6244 [egg-mongoose] starting...
2019-11-04 11:19:19,077 INFO 6244 [egg-mongoose] mongodb://127.0.0.1/shoppingMall connected successfully
2019-11-04 11:19:19,083 INFO 6244 [egg-mongoose] instance[0] start successfully
2019-11-04 11:19:19,085 INFO 6244 [egg-watcher:application] watcher start success
2019-11-04 11:19:19,100 INFO 6244 [egg:core] dump config after ready, 10ms
2019-11-05 08:21:38,749 INFO 1404 [egg:logger] init all loggers with options: {"dir":"C:\\Users\\Administrator\\Desktop\\shoppingmall\\server\\logs\\server","encoding":"utf8","env":"local","level":"INFO","consoleLevel":"INFO","disableConsoleAfterReady":false,"outputJSON":false,"buffer":true,"appLogName":"server-web.log","coreLogName":"egg-web.log","agentLogName":"egg-agent.log","errorLogName":"common-error.log","coreLogger":{"consoleLevel":"WARN"},"allowDebugAtProd":false,"type":"application"}
2019-11-05 08:21:38,780 INFO 1404 [egg-multipart] stream mode enable
2019-11-05 08:21:39,351 INFO 1404 [egg-mongoose] connecting mongodb://127.0.0.1/shoppingMall
2019-11-05 08:21:39,832 INFO 1404 [egg-static] starting static serve /public/ -> C:\Users\Administrator\Desktop\shoppingmall\server\app\public
2019-11-05 08:21:39,836 INFO 1404 [egg-security] use methodnoallow middleware
2019-11-05 08:21:39,837 INFO 1404 [egg-security] use noopen middleware
2019-11-05 08:21:39,840 INFO 1404 [egg-security] use nosniff middleware
2019-11-05 08:21:39,840 INFO 1404 [egg-security] use xssProtection middleware
2019-11-05 08:21:39,842 INFO 1404 [egg-security] use xframe middleware
2019-11-05 08:21:39,843 INFO 1404 [egg-security] use dta middleware
2019-11-05 08:21:39,843 INFO 1404 [egg-security] compose 6 middlewares into one security middleware
2019-11-05 08:21:39,872 INFO 1404 [egg:core] dump config after load, 7ms
2019-11-05 08:21:39,877 INFO 1404 [egg-mongoose] starting...
2019-11-05 08:21:39,936 INFO 1404 [egg-mongoose] mongodb://127.0.0.1/shoppingMall connected successfully
2019-11-05 08:21:39,946 INFO 1404 [egg-mongoose] instance[0] start successfully
2019-11-05 08:21:39,955 INFO 1404 [egg-watcher:application] watcher start success
2019-11-05 08:21:39,966 INFO 1404 [egg:core] dump config after ready, 6ms
2019-11-05 19:19:00,382 INFO 6980 [egg:logger] init all loggers with options: {"dir":"C:\\Users\\Administrator\\Desktop\\shoppingmall\\server\\logs\\server","encoding":"utf8","env":"local","level":"INFO","consoleLevel":"INFO","disableConsoleAfterReady":false,"outputJSON":false,"buffer":true,"appLogName":"server-web.log","coreLogName":"egg-web.log","agentLogName":"egg-agent.log","errorLogName":"common-error.log","coreLogger":{"consoleLevel":"WARN"},"allowDebugAtProd":false,"type":"application"}
2019-11-05 19:19:00,411 INFO 6980 [egg-multipart] stream mode enable
2019-11-05 19:19:00,971 INFO 6980 [egg-mongoose] connecting mongodb://127.0.0.1/shoppingMall
2019-11-05 19:19:01,462 INFO 6980 [egg-static] starting static serve /public/ -> C:\Users\Administrator\Desktop\shoppingmall\server\app\public
2019-11-05 19:19:01,466 INFO 6980 [egg-security] use methodnoallow middleware
2019-11-05 19:19:01,468 INFO 6980 [egg-security] use noopen middleware
2019-11-05 19:19:01,470 INFO 6980 [egg-security] use nosniff middleware
2019-11-05 19:19:01,471 INFO 6980 [egg-security] use xssProtection middleware
2019-11-05 19:19:01,471 INFO 6980 [egg-security] use xframe middleware
2019-11-05 19:19:01,472 INFO 6980 [egg-security] use dta middleware
2019-11-05 19:19:01,472 INFO 6980 [egg-security] compose 6 middlewares into one security middleware
2019-11-05 19:19:01,503 INFO 6980 [egg:core] dump config after load, 5ms
2019-11-05 19:19:01,512 INFO 6980 [egg-mongoose] starting...
2019-11-05 19:19:01,575 INFO 6980 [egg-mongoose] mongodb://127.0.0.1/shoppingMall connected successfully
2019-11-05 19:19:01,587 INFO 6980 [egg-mongoose] instance[0] start successfully
2019-11-05 19:19:01,591 INFO 6980 [egg-watcher:application] watcher start success
2019-11-05 19:19:01,600 INFO 6980 [egg:core] dump config after ready, 8ms
2019-11-05 19:48:33,161 INFO 4144 [egg:logger] init all loggers with options: {"dir":"C:\\Users\\Administrator\\Desktop\\shoppingmall\\server\\logs\\server","encoding":"utf8","env":"local","level":"INFO","consoleLevel":"INFO","disableConsoleAfterReady":false,"outputJSON":false,"buffer":true,"appLogName":"server-web.log","coreLogName":"egg-web.log","agentLogName":"egg-agent.log","errorLogName":"common-error.log","coreLogger":{"consoleLevel":"WARN"},"allowDebugAtProd":false,"type":"application"}
2019-11-05 19:48:33,190 INFO 4144 [egg-multipart] stream mode enable
2019-11-05 19:48:33,732 INFO 4144 [egg-mongoose] connecting mongodb://127.0.0.1/shoppingMall
2019-11-05 19:48:34,282 INFO 4144 [egg-static] starting static serve /public/ -> C:\Users\Administrator\Desktop\shoppingmall\server\app\public
2019-11-05 19:48:34,286 INFO 4144 [egg-security] use methodnoallow middleware
2019-11-05 19:48:34,288 INFO 4144 [egg-security] use noopen middleware
2019-11-05 19:48:34,291 INFO 4144 [egg-security] use nosniff middleware
2019-11-05 19:48:34,292 INFO 4144 [egg-security] use xssProtection middleware
2019-11-05 19:48:34,293 INFO 4144 [egg-security] use xframe middleware
2019-11-05 19:48:34,295 INFO 4144 [egg-security] use dta middleware
2019-11-05 19:48:34,295 INFO 4144 [egg-security] compose 6 middlewares into one security middleware
2019-11-05 19:48:34,330 INFO 4144 [egg:core] dump config after load, 7ms
2019-11-05 19:48:34,334 INFO 4144 [egg-mongoose] starting...
2019-11-05 19:48:34,407 INFO 4144 [egg-mongoose] mongodb://127.0.0.1/shoppingMall connected successfully
2019-11-05 19:48:34,421 INFO 4144 [egg-mongoose] instance[0] start successfully
2019-11-05 19:48:34,426 INFO 4144 [egg-watcher:application] watcher start success
2019-11-05 19:48:34,436 INFO 4144 [egg:core] dump config after ready, 7ms
2019-11-06 08:34:16,148 INFO 7760 [egg:logger] init all loggers with options: {"dir":"C:\\Users\\Administrator\\Desktop\\shoppingmall\\server\\logs\\server","encoding":"utf8","env":"local","level":"INFO","consoleLevel":"INFO","disableConsoleAfterReady":false,"outputJSON":false,"buffer":true,"appLogName":"server-web.log","coreLogName":"egg-web.log","agentLogName":"egg-agent.log","errorLogName":"common-error.log","coreLogger":{"consoleLevel":"WARN"},"allowDebugAtProd":false,"type":"application"}
2019-11-06 08:34:16,176 INFO 7760 [egg-multipart] stream mode enable
2019-11-06 08:34:16,798 INFO 7760 [egg-mongoose] connecting mongodb://127.0.0.1/shoppingMall
2019-11-06 08:34:17,359 INFO 7760 [egg-static] starting static serve /public/ -> C:\Users\Administrator\Desktop\shoppingmall\server\app\public
2019-11-06 08:34:17,364 INFO 7760 [egg-security] use methodnoallow middleware
2019-11-06 08:34:17,365 INFO 7760 [egg-security] use noopen middleware
2019-11-06 08:34:17,368 INFO 7760 [egg-security] use nosniff middleware
2019-11-06 08:34:17,369 INFO 7760 [egg-security] use xssProtection middleware
2019-11-06 08:34:17,370 INFO 7760 [egg-security] use xframe middleware
2019-11-06 08:34:17,371 INFO 7760 [egg-security] use dta middleware
2019-11-06 08:34:17,371 INFO 7760 [egg-security] compose 6 middlewares into one security middleware
2019-11-06 08:34:17,406 INFO 7760 [egg:core] dump config after load, 7ms
2019-11-06 08:34:17,411 INFO 7760 [egg-mongoose] starting...
2019-11-06 08:34:17,478 INFO 7760 [egg-mongoose] mongodb://127.0.0.1/shoppingMall connected successfully
2019-11-06 08:34:17,490 INFO 7760 [egg-mongoose] instance[0] start successfully
2019-11-06 08:34:17,493 INFO 7760 [egg-watcher:application] watcher start success
2019-11-06 08:34:17,507 INFO 7760 [egg:core] dump config after ready, 9ms
2019-11-07 08:19:20,803 INFO 6312 [egg:logger] init all loggers with options: {"dir":"C:\\Users\\Administrator\\Desktop\\shoppingmall\\server\\logs\\server","encoding":"utf8","env":"local","level":"INFO","consoleLevel":"INFO","disableConsoleAfterReady":false,"outputJSON":false,"buffer":true,"appLogName":"server-web.log","coreLogName":"egg-web.log","agentLogName":"egg-agent.log","errorLogName":"common-error.log","coreLogger":{"consoleLevel":"WARN"},"allowDebugAtProd":false,"type":"application"}
2019-11-07 08:19:20,835 INFO 6312 [egg-multipart] stream mode enable
2019-11-07 08:19:21,392 INFO 6312 [egg-mongoose] connecting mongodb://127.0.0.1/shoppingMall
2019-11-07 08:19:21,853 INFO 6312 [egg-static] starting static serve /public/ -> C:\Users\Administrator\Desktop\shoppingmall\server\app\public
2019-11-07 08:19:21,857 INFO 6312 [egg-security] use methodnoallow middleware
2019-11-07 08:19:21,858 INFO 6312 [egg-security] use noopen middleware
2019-11-07 08:19:21,860 INFO 6312 [egg-security] use nosniff middleware
2019-11-07 08:19:21,861 INFO 6312 [egg-security] use xssProtection middleware
2019-11-07 08:19:21,862 INFO 6312 [egg-security] use xframe middleware
2019-11-07 08:19:21,863 INFO 6312 [egg-security] use dta middleware
2019-11-07 08:19:21,863 INFO 6312 [egg-security] compose 6 middlewares into one security middleware
2019-11-07 08:19:21,891 INFO 6312 [egg:core] dump config after load, 6ms
2019-11-07 08:19:21,895 INFO 6312 [egg-mongoose] starting...
2019-11-07 08:19:21,962 INFO 6312 [egg-mongoose] mongodb://127.0.0.1/shoppingMall connected successfully
2019-11-07 08:19:21,975 INFO 6312 [egg-mongoose] instance[0] start successfully
2019-11-07 08:19:21,978 INFO 6312 [egg-watcher:application] watcher start success
2019-11-07 08:19:21,990 INFO 6312 [egg:core] dump config after ready, 8ms
2019-11-08 08:32:24,999 INFO 2932 [egg:logger] init all loggers with options: {"dir":"C:\\Users\\Administrator\\Desktop\\shoppingmall\\server\\logs\\server","encoding":"utf8","env":"local","level":"INFO","consoleLevel":"INFO","disableConsoleAfterReady":false,"outputJSON":false,"buffer":true,"appLogName":"server-web.log","coreLogName":"egg-web.log","agentLogName":"egg-agent.log","errorLogName":"common-error.log","coreLogger":{"consoleLevel":"WARN"},"allowDebugAtProd":false,"type":"application"}
2019-11-08 08:32:25,028 INFO 2932 [egg-multipart] stream mode enable
2019-11-08 08:32:25,579 INFO 2932 [egg-mongoose] connecting mongodb://127.0.0.1/shoppingMall
2019-11-08 08:32:26,058 INFO 2932 [egg-static] starting static serve /public/ -> C:\Users\Administrator\Desktop\shoppingmall\server\app\public
2019-11-08 08:32:26,062 INFO 2932 [egg-security] use methodnoallow middleware
2019-11-08 08:32:26,063 INFO 2932 [egg-security] use noopen middleware
2019-11-08 08:32:26,065 INFO 2932 [egg-security] use nosniff middleware
2019-11-08 08:32:26,066 INFO 2932 [egg-security] use xssProtection middleware
2019-11-08 08:32:26,067 INFO 2932 [egg-security] use xframe middleware
2019-11-08 08:32:26,068 INFO 2932 [egg-security] use dta middleware
2019-11-08 08:32:26,068 INFO 2932 [egg-security] compose 6 middlewares into one security middleware
2019-11-08 08:32:26,096 INFO 2932 [egg:core] dump config after load, 6ms
2019-11-08 08:32:26,100 INFO 2932 [egg-mongoose] starting...
2019-11-08 08:32:26,164 INFO 2932 [egg-mongoose] mongodb://127.0.0.1/shoppingMall connected successfully
2019-11-08 08:32:26,170 INFO 2932 [egg-mongoose] instance[0] start successfully
2019-11-08 08:32:26,174 INFO 2932 [egg-watcher:application] watcher start success
2019-11-08 08:32:26,181 INFO 2932 [egg:core] dump config after ready, 5ms
2019-11-09 08:34:38,561 INFO 6872 [egg:logger] init all loggers with options: {"dir":"C:\\Users\\Administrator\\Desktop\\shoppingmall\\server\\logs\\server","encoding":"utf8","env":"local","level":"INFO","consoleLevel":"INFO","disableConsoleAfterReady":false,"outputJSON":false,"buffer":true,"appLogName":"server-web.log","coreLogName":"egg-web.log","agentLogName":"egg-agent.log","errorLogName":"common-error.log","coreLogger":{"consoleLevel":"WARN"},"allowDebugAtProd":false,"type":"application"}
2019-11-09 08:34:38,591 INFO 6872 [egg-multipart] stream mode enable
2019-11-09 08:34:39,150 INFO 6872 [egg-mongoose] connecting mongodb://127.0.0.1/shoppingMall
2019-11-09 08:34:39,614 INFO 6872 [egg-static] starting static serve /public/ -> C:\Users\Administrator\Desktop\shoppingmall\server\app\public
2019-11-09 08:34:39,618 INFO 6872 [egg-security] use methodnoallow middleware
2019-11-09 08:34:39,619 INFO 6872 [egg-security] use noopen middleware
2019-11-09 08:34:39,621 INFO 6872 [egg-security] use nosniff middleware
2019-11-09 08:34:39,622 INFO 6872 [egg-security] use xssProtection middleware
2019-11-09 08:34:39,623 INFO 6872 [egg-security] use xframe middleware
2019-11-09 08:34:39,624 INFO 6872 [egg-security] use dta middleware
2019-11-09 08:34:39,624 INFO 6872 [egg-security] compose 6 middlewares into one security middleware
2019-11-09 08:34:39,653 INFO 6872 [egg:core] dump config after load, 5ms
2019-11-09 08:34:39,658 INFO 6872 [egg-mongoose] starting...
2019-11-09 08:34:39,723 INFO 6872 [egg-mongoose] mongodb://127.0.0.1/shoppingMall connected successfully
2019-11-09 08:34:39,730 INFO 6872 [egg-mongoose] instance[0] start successfully
2019-11-09 08:34:39,735 INFO 6872 [egg-watcher:application] watcher start success
2019-11-09 08:34:39,744 INFO 6872 [egg:core] dump config after ready, 7ms
2019-11-10 14:51:10,925 INFO 7092 [egg:logger] init all loggers with options: {"dir":"C:\\Users\\Administrator\\Desktop\\shoppingmall\\server\\logs\\server","encoding":"utf8","env":"local","level":"INFO","consoleLevel":"INFO","disableConsoleAfterReady":false,"outputJSON":false,"buffer":true,"appLogName":"server-web.log","coreLogName":"egg-web.log","agentLogName":"egg-agent.log","errorLogName":"common-error.log","coreLogger":{"consoleLevel":"WARN"},"allowDebugAtProd":false,"type":"application"}
2019-11-10 14:51:10,960 INFO 7092 [egg-multipart] stream mode enable
2019-11-10 14:51:11,717 INFO 7092 [egg-mongoose] connecting mongodb://127.0.0.1/shoppingMall
2019-11-10 14:51:13,282 INFO 7092 [egg-static] starting static serve /public/ -> C:\Users\Administrator\Desktop\shoppingmall\server\app\public
2019-11-10 14:51:13,296 INFO 7092 [egg-security] use methodnoallow middleware
2019-11-10 14:51:13,306 INFO 7092 [egg-security] use noopen middleware
2019-11-10 14:51:13,311 INFO 7092 [egg-security] use nosniff middleware
2019-11-10 14:51:13,312 INFO 7092 [egg-security] use xssProtection middleware
2019-11-10 14:51:13,314 INFO 7092 [egg-security] use xframe middleware
2019-11-10 14:51:13,326 INFO 7092 [egg-security] use dta middleware
2019-11-10 14:51:13,326 INFO 7092 [egg-security] compose 6 middlewares into one security middleware
2019-11-10 14:51:13,381 INFO 7092 [egg:core] dump config after load, 11ms
2019-11-10 14:51:13,394 INFO 7092 [egg-mongoose] starting...
2019-11-10 14:51:13,475 INFO 7092 [egg-mongoose] mongodb://127.0.0.1/shoppingMall connected successfully
2019-11-10 14:51:13,481 INFO 7092 [egg-mongoose] instance[0] start successfully
2019-11-10 14:51:13,483 INFO 7092 [egg-watcher:application] watcher start success
2019-11-10 14:51:13,494 INFO 7092 [egg:core] dump config after ready, 7ms
2019-11-11 08:24:10,495 INFO 6416 [egg:logger] init all loggers with options: {"dir":"C:\\Users\\Administrator\\Desktop\\shoppingmall\\server\\logs\\server","encoding":"utf8","env":"local","level":"INFO","consoleLevel":"INFO","disableConsoleAfterReady":false,"outputJSON":false,"buffer":true,"appLogName":"server-web.log","coreLogName":"egg-web.log","agentLogName":"egg-agent.log","errorLogName":"common-error.log","coreLogger":{"consoleLevel":"WARN"},"allowDebugAtProd":false,"type":"application"}
2019-11-11 08:24:10,665 INFO 6416 [egg-multipart] stream mode enable
2019-11-11 08:24:11,829 INFO 6416 [egg-mongoose] connecting mongodb://127.0.0.1/shoppingMall
2019-11-11 08:24:12,422 INFO 6416 [egg-static] starting static serve /public/ -> C:\Users\Administrator\Desktop\shoppingmall\server\app\public
2019-11-11 08:24:12,426 INFO 6416 [egg-security] use methodnoallow middleware
2019-11-11 08:24:12,427 INFO 6416 [egg-security] use noopen middleware
2019-11-11 08:24:12,430 INFO 6416 [egg-security] use nosniff middleware
2019-11-11 08:24:12,431 INFO 6416 [egg-security] use xssProtection middleware
2019-11-11 08:24:12,433 INFO 6416 [egg-security] use xframe middleware
2019-11-11 08:24:12,435 INFO 6416 [egg-security] use dta middleware
2019-11-11 08:24:12,435 INFO 6416 [egg-security] compose 6 middlewares into one security middleware
2019-11-11 08:24:12,464 INFO 6416 [egg:core] dump config after load, 4ms
2019-11-11 08:24:12,468 INFO 6416 [egg-mongoose] starting...
2019-11-11 08:24:12,520 INFO 6416 [egg-mongoose] mongodb://127.0.0.1/shoppingMall connected successfully
2019-11-11 08:24:12,533 INFO 6416 [egg-mongoose] instance[0] start successfully
2019-11-11 08:24:12,535 INFO 6416 [egg-watcher:application] watcher start success
2019-11-11 08:24:12,545 INFO 6416 [egg:core] dump config after ready, 7ms
2019-11-12 08:30:34,070 INFO 7868 [egg:logger] init all loggers with options: {"dir":"C:\\Users\\Administrator\\Desktop\\shoppingmall\\server\\logs\\server","encoding":"utf8","env":"local","level":"INFO","consoleLevel":"INFO","disableConsoleAfterReady":false,"outputJSON":false,"buffer":true,"appLogName":"server-web.log","coreLogName":"egg-web.log","agentLogName":"egg-agent.log","errorLogName":"common-error.log","coreLogger":{"consoleLevel":"WARN"},"allowDebugAtProd":false,"type":"application"}
2019-11-12 08:30:34,111 INFO 7868 [egg-multipart] stream mode enable
2019-11-12 08:30:34,712 INFO 7868 [egg-mongoose] connecting mongodb://127.0.0.1/shoppingMall
2019-11-12 08:30:35,229 INFO 7868 [egg-static] starting static serve /public/ -> C:\Users\Administrator\Desktop\shoppingmall\server\app\public
2019-11-12 08:30:35,234 INFO 7868 [egg-security] use methodnoallow middleware
2019-11-12 08:30:35,235 INFO 7868 [egg-security] use noopen middleware
2019-11-12 08:30:35,237 INFO 7868 [egg-security] use nosniff middleware
2019-11-12 08:30:35,238 INFO 7868 [egg-security] use xssProtection middleware
2019-11-12 08:30:35,239 INFO 7868 [egg-security] use xframe middleware
2019-11-12 08:30:35,240 INFO 7868 [egg-security] use dta middleware
2019-11-12 08:30:35,240 INFO 7868 [egg-security] compose 6 middlewares into one security middleware
2019-11-12 08:30:35,270 INFO 7868 [egg:core] dump config after load, 5ms
2019-11-12 08:30:35,275 INFO 7868 [egg-mongoose] starting...
2019-11-12 08:30:35,344 INFO 7868 [egg-mongoose] mongodb://127.0.0.1/shoppingMall connected successfully
2019-11-12 08:30:35,352 INFO 7868 [egg-mongoose] instance[0] start successfully
2019-11-12 08:30:35,358 INFO 7868 [egg-watcher:application] watcher start success
2019-11-12 08:30:35,370 INFO 7868 [egg:core] dump config after ready, 8ms
2019-11-13 08:37:53,412 INFO 6756 [egg:logger] init all loggers with options: {"dir":"C:\\Users\\Administrator\\Desktop\\shoppingmall\\server\\logs\\server","encoding":"utf8","env":"local","level":"INFO","consoleLevel":"INFO","disableConsoleAfterReady":false,"outputJSON":false,"buffer":true,"appLogName":"server-web.log","coreLogName":"egg-web.log","agentLogName":"egg-agent.log","errorLogName":"common-error.log","coreLogger":{"consoleLevel":"WARN"},"allowDebugAtProd":false,"type":"application"}
2019-11-13 08:37:53,465 INFO 6756 [egg-multipart] stream mode enable
2019-11-13 08:37:54,347 INFO 6756 [egg-mongoose] connecting mongodb://127.0.0.1/shoppingMall
2019-11-13 08:37:55,145 INFO 6756 [egg-static] starting static serve /public/ -> C:\Users\Administrator\Desktop\shoppingmall\server\app\public
2019-11-13 08:37:55,149 INFO 6756 [egg-security] use methodnoallow middleware
2019-11-13 08:37:55,151 INFO 6756 [egg-security] use noopen middleware
2019-11-13 08:37:55,153 INFO 6756 [egg-security] use nosniff middleware
2019-11-13 08:37:55,154 INFO 6756 [egg-security] use xssProtection middleware
2019-11-13 08:37:55,155 INFO 6756 [egg-security] use xframe middleware
2019-11-13 08:37:55,157 INFO 6756 [egg-security] use dta middleware
2019-11-13 08:37:55,157 INFO 6756 [egg-security] compose 6 middlewares into one security middleware
2019-11-13 08:37:55,201 INFO 6756 [egg:core] dump config after load, 7ms
2019-11-13 08:37:55,212 INFO 6756 [egg-mongoose] starting...
2019-11-13 08:37:55,327 INFO 6756 [egg-mongoose] mongodb://127.0.0.1/shoppingMall connected successfully
2019-11-13 08:37:55,348 INFO 6756 [egg-mongoose] instance[0] start successfully
2019-11-13 08:37:55,358 INFO 6756 [egg-watcher:application] watcher start success
2019-11-13 08:37:55,376 INFO 6756 [egg:core] dump config after ready, 11ms
2019-11-13 18:24:50,530 INFO 26356 [egg:logger] init all loggers with options: {"dir":"C:\\Users\\Administrator\\Desktop\\shoppingmall\\server\\logs\\server","encoding":"utf8","env":"local","level":"INFO","consoleLevel":"INFO","disableConsoleAfterReady":false,"outputJSON":false,"buffer":true,"appLogName":"server-web.log","coreLogName":"egg-web.log","agentLogName":"egg-agent.log","errorLogName":"common-error.log","coreLogger":{"consoleLevel":"WARN"},"allowDebugAtProd":false,"type":"application"}
2019-11-13 18:24:50,560 INFO 26356 [egg-multipart] stream mode enable
2019-11-13 18:24:51,108 INFO 26356 [egg-mongoose] connecting mongodb://127.0.0.1/shoppingMall
2019-11-13 18:24:51,578 INFO 26356 [egg-static] starting static serve /public/ -> C:\Users\Administrator\Desktop\shoppingmall\server\app\public
2019-11-13 18:24:51,582 INFO 26356 [egg-security] use methodnoallow middleware
2019-11-13 18:24:51,583 INFO 26356 [egg-security] use noopen middleware
2019-11-13 18:24:51,585 INFO 26356 [egg-security] use nosniff middleware
2019-11-13 18:24:51,586 INFO 26356 [egg-security] use xssProtection middleware
2019-11-13 18:24:51,587 INFO 26356 [egg-security] use xframe middleware
2019-11-13 18:24:51,588 INFO 26356 [egg-security] use dta middleware
2019-11-13 18:24:51,588 INFO 26356 [egg-security] compose 6 middlewares into one security middleware
2019-11-13 18:24:51,615 INFO 26356 [egg:core] dump config after load, 4ms
2019-11-13 18:24:51,621 INFO 26356 [egg-mongoose] starting...
2019-11-13 18:24:51,684 INFO 26356 [egg-mongoose] mongodb://127.0.0.1/shoppingMall connected successfully
2019-11-13 18:24:51,695 INFO 26356 [egg-mongoose] instance[0] start successfully
2019-11-13 18:24:51,697 INFO 26356 [egg-watcher:application] watcher start success
2019-11-13 18:24:51,707 INFO 26356 [egg:core] dump config after ready, 6ms
